c:\development\git\data-structures-and-algorithms\lab 10\x64\debug\vc140.pdb
c:\development\git\data-structures-and-algorithms\lab 10\x64\debug\vc140.idb
c:\development\git\data-structures-and-algorithms\lab 10\x64\debug\main.obj
c:\development\git\data-structures-and-algorithms\lab 10\x64\debug\treenode.obj
c:\development\git\data-structures-and-algorithms\x64\debug\lab 10.ilk
c:\development\git\data-structures-and-algorithms\x64\debug\lab 10.exe
c:\development\git\data-structures-and-algorithms\x64\debug\lab 10.pdb
c:\development\git\data-structures-and-algorithms\old assignments\lab 10\x64\debug\main.obj
c:\development\git\data-structures-and-algorithms\old assignments\lab 10\x64\debug\treenode.obj
c:\development\git\data-structures-and-algorithms\old assignments\lab 10\x64\debug\vc140.idb
c:\development\git\data-structures-and-algorithms\old assignments\lab 10\x64\debug\vc140.pdb
c:\development\git\data-structures-and-algorithms\old assignments\x64\debug\lab 10.pdb
c:\development\git\data-structures-and-algorithms\old assignments\x64\debug\lab 10.exe
c:\development\git\data-structures-and-algorithms\old assignments\x64\debug\lab 10.ilk
c:\development\git\data-structures-and-algorithms\old assignments\lab 10\x64\debug\lab 10.tlog\cl.command.1.tlog
c:\development\git\data-structures-and-algorithms\old assignments\lab 10\x64\debug\lab 10.tlog\cl.read.1.tlog
c:\development\git\data-structures-and-algorithms\old assignments\lab 10\x64\debug\lab 10.tlog\cl.write.1.tlog
c:\development\git\data-structures-and-algorithms\old assignments\lab 10\x64\debug\lab 10.tlog\link.command.1.tlog
c:\development\git\data-structures-and-algorithms\old assignments\lab 10\x64\debug\lab 10.tlog\link.read.1.tlog
c:\development\git\data-structures-and-algorithms\old assignments\lab 10\x64\debug\lab 10.tlog\link.write.1.tlog
